[debug] [2022-11-13T21:29:50.292Z] ----------------------------------------------------------------------
[debug] [2022-11-13T21:29:50.293Z] Command:       /opt/local/bin/node /opt/homebrew/bin/firebase deploy --only hosting
[debug] [2022-11-13T21:29:50.293Z] CLI Version:   11.16.0
[debug] [2022-11-13T21:29:50.293Z] Platform:      darwin
[debug] [2022-11-13T21:29:50.294Z] Node Version:  v16.15.0
[debug] [2022-11-13T21:29:50.303Z] Time:          Sun Nov 13 2022 23:29:50 GMT+0200 (Israel Standard Time)
[debug] [2022-11-13T21:29:50.303Z] ----------------------------------------------------------------------
[debug] 
[debug] [2022-11-13T21:29:50.365Z] > command requires scopes: ["email","openid","https://www.googleapis.com/auth/cloudplatformprojects.readonly","https://www.googleapis.com/auth/firebase","https://www.googleapis.com/auth/cloud-platform"]
[debug] [2022-11-13T21:29:50.365Z] > authorizing via signed-in user (tavorperry@gmail.com)
[debug] [2022-11-13T21:29:50.365Z] [iam] checking project whatsapp-messages-sender-b804e for permissions ["firebase.projects.get","firebasehosting.sites.update"]
[debug] [2022-11-13T21:29:50.367Z] >>> [apiv2][query] POST https://cloudresourcemanager.googleapis.com/v1/projects/whatsapp-messages-sender-b804e:testIamPermissions [none]
[debug] [2022-11-13T21:29:50.367Z] >>> [apiv2][(partial)header] POST https://cloudresourcemanager.googleapis.com/v1/projects/whatsapp-messages-sender-b804e:testIamPermissions x-goog-quota-user=projects/whatsapp-messages-sender-b804e
[debug] [2022-11-13T21:29:50.367Z] >>> [apiv2][body] POST https://cloudresourcemanager.googleapis.com/v1/projects/whatsapp-messages-sender-b804e:testIamPermissions {"permissions":["firebase.projects.get","firebasehosting.sites.update"]}
[debug] [2022-11-13T21:29:51.414Z] <<< [apiv2][status] POST https://cloudresourcemanager.googleapis.com/v1/projects/whatsapp-messages-sender-b804e:testIamPermissions 200
[debug] [2022-11-13T21:29:51.414Z] <<< [apiv2][body] POST https://cloudresourcemanager.googleapis.com/v1/projects/whatsapp-messages-sender-b804e:testIamPermissions {"permissions":["firebase.projects.get","firebasehosting.sites.update"]}
[debug] [2022-11-13T21:29:51.416Z] >>> [apiv2][query] GET https://firebase.googleapis.com/v1beta1/projects/whatsapp-messages-sender-b804e [none]
[debug] [2022-11-13T21:29:51.851Z] <<< [apiv2][status] GET https://firebase.googleapis.com/v1beta1/projects/whatsapp-messages-sender-b804e 200
[debug] [2022-11-13T21:29:51.851Z] <<< [apiv2][body] GET https://firebase.googleapis.com/v1beta1/projects/whatsapp-messages-sender-b804e {"projectId":"whatsapp-messages-sender-b804e","projectNumber":"116839280050","displayName":"Whatsapp Messages Sender","name":"projects/whatsapp-messages-sender-b804e","resources":{"hostingSite":"whatsapp-messages-sender-b804e"},"state":"ACTIVE","etag":"1_df262fa2-d680-425c-a6b5-84128c9ac75f"}
[info] 
[info] === Deploying to 'whatsapp-messages-sender-b804e'...
[info] 
[info] i  deploying hosting 
[debug] [2022-11-13T21:29:51.854Z] >>> [apiv2][query] POST https://firebasehosting.googleapis.com/v1beta1/projects/-/sites/whatsapp-messages-sender-b804e/versions [none]
[debug] [2022-11-13T21:29:51.855Z] >>> [apiv2][body] POST https://firebasehosting.googleapis.com/v1beta1/projects/-/sites/whatsapp-messages-sender-b804e/versions {"status":"CREATED","labels":{"deployment-tool":"cli-firebase"}}
[debug] [2022-11-13T21:29:53.257Z] <<< [apiv2][status] POST https://firebasehosting.googleapis.com/v1beta1/projects/-/sites/whatsapp-messages-sender-b804e/versions 200
[debug] [2022-11-13T21:29:53.257Z] <<< [apiv2][body] POST https://firebasehosting.googleapis.com/v1beta1/projects/-/sites/whatsapp-messages-sender-b804e/versions {"name":"projects/116839280050/sites/whatsapp-messages-sender-b804e/versions/29bb70cda075e99e","status":"CREATED","config":{},"labels":{"deployment-tool":"cli-firebase"}}
[info] i  hosting[whatsapp-messages-sender-b804e]: beginning deploy... 
[info] i  hosting[whatsapp-messages-sender-b804e]: found 14 files in Whatsapp-msg/build 
[debug] [2022-11-13T21:29:53.271Z] [hosting] uploading with 200 concurrency
[debug] [2022-11-13T21:29:53.496Z] [hosting] hash cache [V2hhdHNhcHAtbXNnL2J1aWxk] stored for 14 files
[debug] [2022-11-13T21:29:53.496Z] [hosting][hash queue][FINAL] {"max":215,"min":9,"avg":32.5,"active":0,"complete":14,"success":14,"errored":0,"retried":0,"total":14,"elapsed":221}
[debug] [2022-11-13T21:29:53.496Z] >>> [apiv2][query] POST https://firebasehosting.googleapis.com/v1beta1/projects/116839280050/sites/whatsapp-messages-sender-b804e/versions/29bb70cda075e99e:populateFiles [none]
[debug] [2022-11-13T21:29:53.496Z] >>> [apiv2][body] POST https://firebasehosting.googleapis.com/v1beta1/projects/116839280050/sites/whatsapp-messages-sender-b804e/versions/29bb70cda075e99e:populateFiles {"files":{"/asset-manifest.json":"407298b095be025936597b80f4d35aa0437b827a9b8494b39eab2aebd09aa273","/index.html":"bd9d65a7fd6cbd49a109fd041f3d30439bffb39eac0a1fad3bc71c9dd500bee7","/logo192.png":"caff018b7f1e8fd481eb1c50d75b0ef236bcd5078b1d15c8bb348453fee30293","/manifest.json":"3a1f6f1955721f4421771fab2df548b2d4b8c6037edf4c9b60743323dc0fa08e","/robots.txt":"391d14b3c2f8c9143a27a28c7399585142228d4d1bdbe2c87ac946de411fa9a2","/static/css/main.3501c854.css.map":"6d1db7b88c645e8e9c9307573096d8c345ba1281ae1663c0880328a7c50f8010","/logo512.png":"191fc21360b4ccfb1cda11a1efb97f489ed22672ca83f4064316802bbfdd750e","/static/js/main.2b7bb748.js.LICENSE.txt":"f73aedf5c839764c2071596c9ad69da273b650a3176a296a4e2ae6f5b940f1f8","/static/css/main.3501c854.css":"fc79bd807a7afb360de64ca730609af6b5055ba475b108c3e9786b0274e1d7ab","/logo-apple.png":"73d730ab0e42a40705057f27e95e698fe96197b8deb2b530a55dc3f4a58ff11a","/static/js/main.2b7bb748.js":"a26bf73bbea4e905fb3bacb185f6e1495608c29bff83cdf2476d130af8da7e12","/favicon.ico":"6acbff179ff56c4fbcc5d7eaf6a51bce25b545183d073542f79667561934b77d","/logo-min.png":"f26f25edc963763578cbb99289079475fc4e8781903f06c08f97aa990556664f","/static/js/main.2b7bb748.js.map":"58bbd428f8cab19312f1f24d899530654c054d10440a6d772e5d47dda0c54a01"}}
